


================================================================
        DecisionForest with  NT[1] F[4]
| Metric            |   Score |
|-------------------+---------|
| balanced accuracy |   50.14 |
| accuracy          |   51.22 |
| f1                |   50.31 |
| precision         |   50.41 |
| recall            |   51.22 |
================================================================
{'Gender': 0.3333333333333333, 'Height': 0.4, 'Age': 0.2, 'Weight': 0.06666666666666667}



================================================================
        DecisionForest with  NT[1] F[5]
| Metric            |   Score |
|-------------------+---------|
| balanced accuracy |   45.92 |
| accuracy          |   47.49 |
| f1                |   46.05 |
| precision         |   47.14 |
| recall            |   47.49 |
================================================================
{'Age': 0.38, 'family_history_with_overweight': 0.16, 'Gender': 0.12, 'Weight': 0.16, 'Height': 0.18}



================================================================
        DecisionForest with  NT[1] F[12]
| Metric            |   Score |
|-------------------+---------|
| balanced accuracy |   86    |
| accuracy          |   86.23 |
| f1                |   86.11 |
| precision         |   87.94 |
| recall            |   86.23 |
================================================================
{'Weight': 0.1111111111111111, 'CAEC': 0.027777777777777776, 'SMOKE': 0.3055555555555556, 'NCP': 0.3611111111111111, 'Gender': 0.027777777777777776, 'FAVC': 0.027777777777777776, 'Height': 0.05555555555555555, 'family_history_with_overweight': 0.027777777777777776, 'Age': 0.027777777777777776, 'SCC': 0.027777777777777776}



================================================================
        DecisionForest with  NT[1] F[16]
| Metric            |   Score |
|-------------------+---------|
| balanced accuracy |   86.25 |
| accuracy          |   86.51 |
| f1                |   86.51 |
| precision         |   87.7  |
| recall            |   86.51 |
================================================================
{'Weight': 0.08108108108108109, 'Gender': 0.02702702702702703, 'SCC': 0.05405405405405406, 'MTRANS': 0.2972972972972973, 'FAVC': 0.32432432432432434, 'Age': 0.08108108108108109, 'TUE': 0.02702702702702703, 'FCVC': 0.02702702702702703, 'family_history_with_overweight': 0.02702702702702703, 'CAEC': 0.02702702702702703, 'CALC': 0.02702702702702703}



================================================================
        DecisionForest with  NT[10] F[4]
/Users/vicol/Desktop/UPC/sel/lab2/venv/lib/python3.8/site-packages/sklearn/metrics/_classification.py:1327: UndefinedMetricWarning: Precision is ill-defined and being set to 0.0 in labels with no predicted samples. Use `zero_division` parameter to control this behavior.
  _warn_prf(average, modifier, msg_start, len(result))
| Metric            |   Score |
|-------------------+---------|
| balanced accuracy |   39.23 |
| accuracy          |   40.03 |
| f1                |   29.1  |
| precision         |   32.51 |
| recall            |   40.03 |
================================================================
{'Gender': 0.25, 'Age': 0.2857142857142857, 'Height': 0.2, 'Weight': 0.2642857142857143}



================================================================
        DecisionForest with  NT[10] F[5]
| Metric            |   Score |
|-------------------+---------|
| balanced accuracy |   50.88 |
| accuracy          |   52.37 |
| f1                |   51.61 |
| precision         |   51.92 |
| recall            |   52.37 |
================================================================
{'Height': 0.12666666666666668, 'Age': 0.205, 'family_history_with_overweight': 0.19166666666666668, 'Gender': 0.23, 'Weight': 0.24666666666666667}



================================================================
        DecisionForest with  NT[10] F[12]
| Metric            |   Score |
|-------------------+---------|
| balanced accuracy |   85.39 |
| accuracy          |   85.65 |
| f1                |   85.55 |
| precision         |   87.4  |
| recall            |   85.65 |
================================================================
{'FAVC': 0.075, 'Age': 0.1, 'CH2O': 0.08055555555555556, 'SMOKE': 0.09166666666666666, 'CAEC': 0.12777777777777777, 'Gender': 0.08055555555555556, 'family_history_with_overweight': 0.1, 'Weight': 0.04722222222222222, 'NCP': 0.06388888888888888, 'Height': 0.06944444444444445, 'FCVC': 0.08055555555555556, 'SCC': 0.08333333333333333}



================================================================
        DecisionForest with  NT[10] F[16]
| Metric            |   Score |
|-------------------+---------|
| balanced accuracy |   86.25 |
| accuracy          |   86.51 |
| f1                |   86.51 |
| precision         |   87.68 |
| recall            |   86.51 |
================================================================
{'FAVC': 0.08648648648648649, 'Gender': 0.06756756756756757, 'Weight': 0.032432432432432434, 'SMOKE': 0.06486486486486487, 'family_history_with_overweight': 0.04594594594594595, 'SCC': 0.11621621621621622, 'CH2O': 0.10810810810810811, 'NCP': 0.07297297297297298, 'FCVC': 0.03513513513513514, 'MTRANS': 0.01891891891891892, 'FAF': 0.04054054054054054, 'Height': 0.10270270270270271, 'Age': 0.07567567567567568, 'CAEC': 0.07297297297297298, 'CALC': 0.04054054054054054, 'TUE': 0.01891891891891892}



================================================================
        DecisionForest with  NT[25] F[4]
| Metric            |   Score |
|-------------------+---------|
| balanced accuracy |   70.74 |
| accuracy          |   70.3  |
| f1                |   69.97 |
| precision         |   71.42 |
| recall            |   70.3  |
================================================================
{'Gender': 0.24177777777777779, 'Weight': 0.24711111111111111, 'Height': 0.2391111111111111, 'Age': 0.272}



================================================================
        DecisionForest with  NT[25] F[5]
| Metric            |   Score |
|-------------------+---------|
| balanced accuracy |   71.23 |
| accuracy          |   70.44 |
| f1                |   70.14 |
| precision         |   73.21 |
| recall            |   70.44 |
================================================================
{'Gender': 0.194, 'Age': 0.215, 'family_history_with_overweight': 0.177, 'Height': 0.215, 'Weight': 0.199}



================================================================
        DecisionForest with  NT[25] F[12]
| Metric            |   Score |
|-------------------+---------|
| balanced accuracy |   66.69 |
| accuracy          |   68.15 |
| f1                |   67.38 |
| precision         |   70.69 |
| recall            |   68.15 |
================================================================
{'Age': 0.09071428571428572, 'Gender': 0.11071428571428571, 'SCC': 0.08357142857142857, 'CAEC': 0.07285714285714286, 'NCP': 0.05, 'Height': 0.09928571428571428, 'Weight': 0.08428571428571428, 'family_history_with_overweight': 0.10571428571428572, 'FAVC': 0.07071428571428572, 'FCVC': 0.07928571428571428, 'CH2O': 0.07642857142857143, 'SMOKE': 0.07642857142857143}



================================================================
        DecisionForest with  NT[25] F[16]
| Metric            |   Score |
|-------------------+---------|
| balanced accuracy |   86.39 |
| accuracy          |   86.66 |
| f1                |   86.68 |
| precision         |   87.84 |
| recall            |   86.66 |
================================================================
{'FCVC': 0.07243243243243243, 'Gender': 0.12216216216216216, 'Height': 0.07567567567567568, 'FAVC': 0.061621621621621624, 'CALC': 0.05621621621621622, 'Age': 0.08756756756756756, 'NCP': 0.04864864864864865, 'FAF': 0.02810810810810811, 'Weight': 0.04108108108108108, 'CAEC': 0.08756756756756756, 'SCC': 0.05189189189189189, 'TUE': 0.04756756756756757, 'SMOKE': 0.05945945945945946, 'family_history_with_overweight': 0.07351351351351351, 'CH2O': 0.03783783783783784, 'MTRANS': 0.04864864864864865}



================================================================
        DecisionForest with  NT[50] F[4]
| Metric            |   Score |
|-------------------+---------|
| balanced accuracy |   56.96 |
| accuracy          |   57.82 |
| f1                |   56.43 |
| precision         |   59.12 |
| recall            |   57.82 |
================================================================
{'Age': 0.3088461538461538, 'Height': 0.2553846153846154, 'Weight': 0.21346153846153845, 'Gender': 0.22230769230769232}



================================================================
        DecisionForest with  NT[50] F[5]
| Metric            |   Score |
|-------------------+---------|
| balanced accuracy |   80.26 |
| accuracy          |   80.63 |
| f1                |   80.53 |
| precision         |   81.21 |
| recall            |   80.63 |
================================================================
{'Age': 0.22095238095238096, 'Weight': 0.24571428571428572, 'Height': 0.1719047619047619, 'Gender': 0.16428571428571428, 'family_history_with_overweight': 0.19714285714285715}



================================================================
        DecisionForest with  NT[50] F[12]
| Metric            |   Score |
|-------------------+---------|
| balanced accuracy |   85.89 |
| accuracy          |   86.08 |
| f1                |   86.04 |
| precision         |   87.86 |
| recall            |   86.08 |
================================================================
{'CH2O': 0.07157894736842105, 'FAVC': 0.09368421052631579, 'NCP': 0.09052631578947369, 'SMOKE': 0.053157894736842105, 'Gender': 0.11473684210526315, 'Weight': 0.08157894736842106, 'FCVC': 0.05894736842105263, 'Age': 0.08315789473684211, 'CAEC': 0.10105263157894737, 'Height': 0.09947368421052631, 'family_history_with_overweight': 0.07842105263157895, 'SCC': 0.07368421052631578}



================================================================
        DecisionForest with  NT[50] F[16]
| Metric            |   Score |
|-------------------+---------|
| balanced accuracy |   85.8  |
| accuracy          |   86.08 |
| f1                |   86.07 |
| precision         |   87.34 |
| recall            |   86.08 |
================================================================
{'Weight': 0.09081081081081081, 'CH2O': 0.0627027027027027, 'CAEC': 0.04432432432432432, 'Height': 0.10918918918918918, 'TUE': 0.036756756756756756, 'NCP': 0.06108108108108108, 'Gender': 0.08162162162162162, 'CALC': 0.04216216216216216, 'FCVC': 0.05891891891891892, 'SCC': 0.06486486486486487, 'SMOKE': 0.05837837837837838, 'Age': 0.05837837837837838, 'MTRANS': 0.05675675675675676, 'FAVC': 0.07351351351351351, 'FAF': 0.047027027027027025, 'family_history_with_overweight': 0.053513513513513515}



================================================================
        RandomForest with  NT[1] F[1]
/Users/vicol/Desktop/UPC/sel/lab2/venv/lib/python3.8/site-packages/sklearn/metrics/_classification.py:1327: UndefinedMetricWarning: Precision is ill-defined and being set to 0.0 in labels with no predicted samples. Use `zero_division` parameter to control this behavior.
  _warn_prf(average, modifier, msg_start, len(result))
| Metric            |   Score |
|-------------------+---------|
| balanced accuracy |   21.34 |
| accuracy          |   22.67 |
| f1                |   10.8  |
| precision         |    7.83 |
| recall            |   22.67 |
================================================================
{'Gender': 1.0}



================================================================
        RandomForest with  NT[1] F[3]
| Metric            |   Score |
|-------------------+---------|
| balanced accuracy |   44.56 |
| accuracy          |   45.05 |
| f1                |   39.37 |
| precision         |   37.98 |
| recall            |   45.05 |
================================================================
{'Age': 0.9318181818181818, 'Height': 0.045454545454545456, 'Gender': 0.022727272727272728}



================================================================
        RandomForest with  NT[1] F[5]
| Metric            |   Score |
|-------------------+---------|
| balanced accuracy |   49.23 |
| accuracy          |   51.22 |
| f1                |   48.91 |
| precision         |   53.09 |
| recall            |   51.22 |
================================================================
{'family_history_with_overweight': 0.4375, 'Gender': 0.1875, 'Height': 0.20833333333333334, 'Weight': 0.10416666666666667, 'Age': 0.0625}



================================================================
        RandomForest with  NT[1] F[4]
| Metric            |   Score |
|-------------------+---------|
| balanced accuracy |   50.24 |
| accuracy          |   52.8  |
| f1                |   46.32 |
| precision         |   45.63 |
| recall            |   52.8  |
================================================================
{'Height': 0.625, 'Gender': 0.15625, 'Age': 0.15625, 'Weight': 0.0625}



================================================================
        RandomForest with  NT[10] F[1]
/Users/vicol/Desktop/UPC/sel/lab2/venv/lib/python3.8/site-packages/sklearn/metrics/_classification.py:1327: UndefinedMetricWarning: Precision is ill-defined and being set to 0.0 in labels with no predicted samples. Use `zero_division` parameter to control this behavior.
  _warn_prf(average, modifier, msg_start, len(result))
| Metric            |   Score |
|-------------------+---------|
| balanced accuracy |   20.14 |
| accuracy          |   22.96 |
| f1                |   14.74 |
| precision         |   57.79 |
| recall            |   22.96 |
================================================================
{'Gender': 1.0}



================================================================
        RandomForest with  NT[10] F[3]
| Metric            |   Score |
|-------------------+---------|
| balanced accuracy |   64.94 |
| accuracy          |   66.71 |
| f1                |   63.45 |
| precision         |   70.08 |
| recall            |   66.71 |
================================================================
{'Gender': 0.42247191011235957, 'Age': 0.30337078651685395, 'Height': 0.27415730337078653}



================================================================
        RandomForest with  NT[10] F[5]
| Metric            |   Score |
|-------------------+---------|
| balanced accuracy |   65.64 |
| accuracy          |   67    |
| f1                |   65.24 |
| precision         |   68.17 |
| recall            |   67    |
================================================================
{'Height': 0.2116788321167883, 'family_history_with_overweight': 0.2791970802919708, 'Age': 0.20437956204379562, 'Gender': 0.14963503649635038, 'Weight': 0.1551094890510949}



================================================================
        RandomForest with  NT[10] F[4]
| Metric            |   Score |
|-------------------+---------|
| balanced accuracy |   74.56 |
| accuracy          |   75.32 |
| f1                |   74.1  |
| precision         |   75.95 |
| recall            |   75.32 |
================================================================
{'Age': 0.46567717996289426, 'Weight': 0.1725417439703154, 'Gender': 0.24118738404452691, 'Height': 0.12059369202226346}



================================================================
        RandomForest with  NT[25] F[1]
| Metric            |   Score |
|-------------------+---------|
| balanced accuracy |   40.06 |
| accuracy          |   43.19 |
| f1                |   35.34 |
| precision         |   53.19 |
| recall            |   43.19 |
================================================================
{'Gender': 1.0}



================================================================
        RandomForest with  NT[25] F[3]
| Metric            |   Score |
|-------------------+---------|
| balanced accuracy |   72.84 |
| accuracy          |   73.6  |
| f1                |   72.02 |
| precision         |   74    |
| recall            |   73.6  |
================================================================
{'Height': 0.2495446265938069, 'Age': 0.4016393442622951, 'Gender': 0.348816029143898}



================================================================
        RandomForest with  NT[25] F[5]
| Metric            |   Score |
|-------------------+---------|
| balanced accuracy |   74.45 |
| accuracy          |   75.32 |
| f1                |   74.64 |
| precision         |   76.05 |
| recall            |   75.32 |
================================================================
{'family_history_with_overweight': 0.23125, 'Gender': 0.20703125, 'Age': 0.2265625, 'Weight': 0.1875, 'Height': 0.14765625}



================================================================
        RandomForest with  NT[25] F[4]
| Metric            |   Score |
|-------------------+---------|
| balanced accuracy |   76.47 |
| accuracy          |   77.76 |
| f1                |   76.5  |
| precision         |   81.08 |
| recall            |   77.76 |
================================================================
{'Gender': 0.24360033030553263, 'Height': 0.22625928984310487, 'Weight': 0.2947976878612717, 'Age': 0.23534269199009084}



================================================================
        RandomForest with  NT[50] F[1]
/Users/vicol/Desktop/UPC/sel/lab2/venv/lib/python3.8/site-packages/sklearn/metrics/_classification.py:1327: UndefinedMetricWarning: Precision is ill-defined and being set to 0.0 in labels with no predicted samples. Use `zero_division` parameter to control this behavior.
  _warn_prf(average, modifier, msg_start, len(result))
| Metric            |   Score |
|-------------------+---------|
| balanced accuracy |   28.78 |
| accuracy          |   32.71 |
| f1                |   23.25 |
| precision         |   35.93 |
| recall            |   32.71 |
================================================================
{'Gender': 1.0}



================================================================
        RandomForest with  NT[50] F[3]
| Metric            |   Score |
|-------------------+---------|
| balanced accuracy |   71.75 |
| accuracy          |   73.31 |
| f1                |   70.35 |
| precision         |   78.53 |
| recall            |   73.31 |
================================================================
{'Height': 0.2999527633443552, 'Age': 0.34766178554558336, 'Gender': 0.3523854511100614}



================================================================
        RandomForest with  NT[50] F[5]
| Metric            |   Score |
|-------------------+---------|
| balanced accuracy |   83.84 |
| accuracy          |   84.65 |
| f1                |   84.13 |
| precision         |   84.77 |
| recall            |   84.65 |
================================================================
{'Weight': 0.16798732171156894, 'Age': 0.20641838351822503, 'Gender': 0.21394611727416799, 'family_history_with_overweight': 0.19096671949286848, 'Height': 0.22068145800316957}



================================================================
        RandomForest with  NT[50] F[4]
| Metric            |   Score |
|-------------------+---------|
| balanced accuracy |   82.43 |
| accuracy          |   83.5  |
| f1                |   82.87 |
| precision         |   84.53 |
| recall            |   83.5  |
================================================================
{'Gender': 0.23548922056384744, 'Weight': 0.23756218905472637, 'Age': 0.2922885572139303, 'Height': 0.23466003316749584}