

================================================================
        DecisionForest with  NT[1] F[3]
| Metric            |   Score |
|-------------------+---------|
| balanced accuracy |   64.72 |
| accuracy          |   62.71 |
| f1                |   62.91 |
| precision         |   63.27 |
| recall            |   62.71 |
================================================================
{'Malic.acid': 0.4117647058823529, 'Alcohol': 0.4117647058823529, 'Ash': 0.17647058823529413}



================================================================
        DecisionForest with  NT[1] F[4]
| Metric            |   Score |
|-------------------+---------|
| balanced accuracy |   91.94 |
| accuracy          |   93.22 |
| f1                |   93.12 |
| precision         |   93.88 |
| recall            |   93.22 |
================================================================
{'Acl': 0.2, 'Ash': 0.2, 'Alcohol': 0.3, 'Malic.acid': 0.3}



================================================================
        DecisionForest with  NT[1] F[9]
| Metric            |   Score |
|-------------------+---------|
| balanced accuracy |   89.17 |
| accuracy          |   89.83 |
| f1                |   89.76 |
| precision         |   89.76 |
| recall            |   89.83 |
================================================================
{'Proanth': 0.1111111111111111, 'Ash': 0.1111111111111111, 'Malic.acid': 0.2222222222222222, 'Acl': 0.2222222222222222, 'Alcohol': 0.1111111111111111, 'Mg': 0.1111111111111111, 'Flavanoids': 0.1111111111111111}



================================================================
        DecisionForest with  NT[1] F[12]
| Metric            |   Score |
|-------------------+---------|
| balanced accuracy |   94.72 |
| accuracy          |   94.92 |
| f1                |   94.95 |
| precision         |   95.08 |
| recall            |   94.92 |
================================================================
{'Acl': 0.16666666666666666, 'Ash': 0.16666666666666666, 'Alcohol': 0.16666666666666666, 'Hue': 0.16666666666666666, 'Mg': 0.16666666666666666, 'Nonflavanoid.phenols': 0.16666666666666666}



================================================================
        DecisionForest with  NT[10] F[3]
| Metric            |   Score |
|-------------------+---------|
| balanced accuracy |   70    |
| accuracy          |   69.49 |
| f1                |   69.91 |
| precision         |   71.06 |
| recall            |   69.49 |
================================================================
{'Alcohol': 0.45, 'Malic.acid': 0.2772727272727273, 'Ash': 0.2727272727272727}



================================================================
        DecisionForest with  NT[10] F[4]
| Metric            |   Score |
|-------------------+---------|
| balanced accuracy |   87.5  |
| accuracy          |   86.44 |
| f1                |   86.53 |
| precision         |   87.08 |
| recall            |   86.44 |
================================================================
{'Alcohol': 0.37777777777777777, 'Malic.acid': 0.25555555555555554, 'Acl': 0.1111111111111111, 'Ash': 0.25555555555555554}



================================================================
        DecisionForest with  NT[10] F[9]
| Metric            |   Score |
|-------------------+---------|
| balanced accuracy |   95    |
| accuracy          |   94.92 |
| f1                |   94.88 |
| precision         |   94.92 |
| recall            |   94.92 |
================================================================
{'Ash': 0.15, 'Malic.acid': 0.2, 'Mg': 0.1, 'Flavanoids': 0.075, 'Proanth': 0.0875, 'Alcohol': 0.1875, 'Nonflavanoid.phenols': 0.05, 'Phenols': 0.0875, 'Acl': 0.0625}



================================================================
        DecisionForest with  NT[10] F[12]
| Metric            |   Score |
|-------------------+---------|
| balanced accuracy |   96.11 |
| accuracy          |   96.61 |
| f1                |   96.63 |
| precision         |   96.87 |
| recall            |   96.61 |
================================================================
{'Mg': 0.08333333333333333, 'Ash': 0.13333333333333333, 'Acl': 0.08333333333333333, 'Alcohol': 0.11666666666666667, 'Proanth': 0.1, 'Color.int': 0.06666666666666667, 'Malic.acid': 0.13333333333333333, 'Flavanoids': 0.05, 'Nonflavanoid.phenols': 0.06666666666666667, 'OD': 0.03333333333333333, 'Hue': 0.06666666666666667, 'Phenols': 0.06666666666666667}



================================================================
        DecisionForest with  NT[25] F[3]
| Metric            |   Score |
|-------------------+---------|
| balanced accuracy |   81.11 |
| accuracy          |   83.05 |
| f1                |   82.43 |
| precision         |   82.91 |
| recall            |   83.05 |
================================================================
{'Alcohol': 0.41904761904761906, 'Ash': 0.31047619047619046, 'Malic.acid': 0.2704761904761905}



================================================================
        DecisionForest with  NT[25] F[4]
| Metric            |   Score |
|-------------------+---------|
| balanced accuracy |   92.5  |
| accuracy          |   93.22 |
| f1                |   93.25 |
| precision         |   93.49 |
| recall            |   93.22 |
================================================================
{'Alcohol': 0.36444444444444446, 'Ash': 0.19111111111111112, 'Acl': 0.1511111111111111, 'Malic.acid': 0.29333333333333333}



================================================================
        DecisionForest with  NT[25] F[9]
| Metric            |   Score |
|-------------------+---------|
| balanced accuracy |   91.11 |
| accuracy          |   91.53 |
| f1                |   91.65 |
| precision         |   92.34 |
| recall            |   91.53 |
================================================================
{'Acl': 0.12, 'Malic.acid': 0.205, 'Flavanoids': 0.075, 'Alcohol': 0.175, 'Proanth': 0.065, 'Ash': 0.08, 'Mg': 0.105, 'Phenols': 0.09, 'Nonflavanoid.phenols': 0.085}



================================================================
        DecisionForest with  NT[25] F[12]
| Metric            |   Score |
|-------------------+---------|
| balanced accuracy |   94.72 |
| accuracy          |   94.92 |
| f1                |   94.95 |
| precision         |   95.08 |
| recall            |   94.92 |
================================================================
{'Hue': 0.06666666666666667, 'Acl': 0.10666666666666667, 'Ash': 0.09333333333333334, 'Flavanoids': 0.1, 'OD': 0.04666666666666667, 'Alcohol': 0.08666666666666667, 'Malic.acid': 0.12, 'Phenols': 0.09333333333333334, 'Color.int': 0.08666666666666667, 'Mg': 0.09333333333333334, 'Nonflavanoid.phenols': 0.06, 'Proanth': 0.04666666666666667}



================================================================
        DecisionForest with  NT[50] F[3]
| Metric            |   Score |
|-------------------+---------|
| balanced accuracy |   68.89 |
| accuracy          |   69.49 |
| f1                |   69.41 |
| precision         |   69.38 |
| recall            |   69.49 |
================================================================
{'Alcohol': 0.3676190476190476, 'Ash': 0.30666666666666664, 'Malic.acid': 0.32571428571428573}



================================================================
        DecisionForest with  NT[50] F[4]
| Metric            |   Score |
|-------------------+---------|
| balanced accuracy |   88.06 |
| accuracy          |   88.14 |
| f1                |   88.17 |
| precision         |   88.29 |
| recall            |   88.14 |
================================================================
{'Acl': 0.264, 'Alcohol': 0.256, 'Malic.acid': 0.252, 'Ash': 0.228}



================================================================
        DecisionForest with  NT[50] F[9]
| Metric            |   Score |
|-------------------+---------|
| balanced accuracy |   96.11 |
| accuracy          |   96.61 |
| f1                |   96.63 |
| precision         |   96.87 |
| recall            |   96.61 |
================================================================
{'Phenols': 0.11, 'Ash': 0.11333333333333333, 'Proanth': 0.10666666666666667, 'Mg': 0.11666666666666667, 'Flavanoids': 0.13, 'Acl': 0.1, 'Malic.acid': 0.10333333333333333, 'Nonflavanoid.phenols': 0.09666666666666666, 'Alcohol': 0.12333333333333334}



================================================================
        DecisionForest with  NT[50] F[12]
| Metric            |   Score |
|-------------------+---------|
| balanced accuracy |   88.33 |
| accuracy          |   89.83 |
| f1                |   89.57 |
| precision         |   89.59 |
| recall            |   89.83 |
================================================================
{'Alcohol': 0.2088888888888889, 'Malic.acid': 0.15555555555555556, 'Acl': 0.08888888888888889, 'Hue': 0.05333333333333334, 'Ash': 0.1111111111111111, 'Flavanoids': 0.06444444444444444, 'Mg': 0.08, 'OD': 0.028888888888888888, 'Proanth': 0.05333333333333334, 'Nonflavanoid.phenols': 0.03333333333333333, 'Color.int': 0.04888888888888889, 'Phenols': 0.07333333333333333}



================================================================
        RandomForest with  NT[1] F[1]
| Metric            |   Score |
|-------------------+---------|
| balanced accuracy |   44.72 |
| accuracy          |   44.07 |
| f1                |   44.01 |
| precision         |   44.27 |
| recall            |   44.07 |
================================================================
{'Alcohol': 1.0}



================================================================
        RandomForest with  NT[1] F[3]
| Metric            |   Score |
|-------------------+---------|
| balanced accuracy |   76.39 |
| accuracy          |   74.58 |
| f1                |   73.67 |
| precision         |   75.9  |
| recall            |   74.58 |
================================================================
{'Alcohol': 0.47058823529411764, 'Malic.acid': 0.29411764705882354, 'Ash': 0.23529411764705882}



================================================================
        RandomForest with  NT[1] F[4]
| Metric            |   Score |
|-------------------+---------|
| balanced accuracy |   91.39 |
| accuracy          |   91.53 |
| f1                |   91.71 |
| precision         |   93.22 |
| recall            |   91.53 |
================================================================
{'Alcohol': 0.2727272727272727, 'Ash': 0.18181818181818182, 'Malic.acid': 0.2727272727272727, 'Acl': 0.2727272727272727}



================================================================
        RandomForest with  NT[1] F[3]
| Metric            |   Score |
|-------------------+---------|
| balanced accuracy |   63.06 |
| accuracy          |   62.71 |
| f1                |   62.77 |
| precision         |   63    |
| recall            |   62.71 |
================================================================
{'Malic.acid': 0.32142857142857145, 'Alcohol': 0.32142857142857145, 'Ash': 0.35714285714285715}



================================================================
        RandomForest with  NT[10] F[1]
| Metric            |   Score |
|-------------------+---------|
| balanced accuracy |   77.78 |
| accuracy          |   77.97 |
| f1                |   77.94 |
| precision         |   78.4  |
| recall            |   77.97 |
================================================================
{'Alcohol': 1.0}



================================================================
        RandomForest with  NT[10] F[3]
| Metric            |   Score |
|-------------------+---------|
| balanced accuracy |   97.22 |
| accuracy          |   96.61 |
| f1                |   96.62 |
| precision         |   96.92 |
| recall            |   96.61 |
================================================================
{'Ash': 0.22058823529411764, 'Malic.acid': 0.38235294117647056, 'Alcohol': 0.39705882352941174}



================================================================
        RandomForest with  NT[10] F[4]
| Metric            |   Score |
|-------------------+---------|
| balanced accuracy |   98.61 |
| accuracy          |   98.31 |
| f1                |   98.31 |
| precision         |   98.39 |
| recall            |   98.31 |
================================================================
{'Alcohol': 0.3787878787878788, 'Malic.acid': 0.2727272727272727, 'Ash': 0.18181818181818182, 'Acl': 0.16666666666666666}



================================================================
        RandomForest with  NT[10] F[3]
| Metric            |   Score |
|-------------------+---------|
| balanced accuracy |   93.61 |
| accuracy          |   93.22 |
| f1                |   93.15 |
| precision         |   93.37 |
| recall            |   93.22 |
================================================================
{'Ash': 0.26174496644295303, 'Malic.acid': 0.2953020134228188, 'Alcohol': 0.4429530201342282}



================================================================
        RandomForest with  NT[25] F[1]
| Metric            |   Score |
|-------------------+---------|
| balanced accuracy |   90    |
| accuracy          |   89.83 |
| f1                |   89.8  |
| precision         |   89.86 |
| recall            |   89.83 |
================================================================
{'Alcohol': 1.0}



================================================================
        RandomForest with  NT[25] F[3]
| Metric            |   Score |
|-------------------+---------|
| balanced accuracy |     100 |
| accuracy          |     100 |
| f1                |     100 |
| precision         |     100 |
| recall            |     100 |
================================================================
{'Alcohol': 0.44878048780487806, 'Malic.acid': 0.3, 'Ash': 0.25121951219512195}



================================================================
        RandomForest with  NT[25] F[4]
| Metric            |   Score |
|-------------------+---------|
| balanced accuracy |     100 |
| accuracy          |     100 |
| f1                |     100 |
| precision         |     100 |
| recall            |     100 |
================================================================
{'Acl': 0.20212765957446807, 'Ash': 0.18617021276595744, 'Malic.acid': 0.25, 'Alcohol': 0.3617021276595745}



================================================================
        RandomForest with  NT[25] F[3]
| Metric            |   Score |
|-------------------+---------|
| balanced accuracy |   98.61 |
| accuracy          |   98.31 |
| f1                |   98.31 |
| precision         |   98.39 |
| recall            |   98.31 |
================================================================
{'Alcohol': 0.4305177111716621, 'Ash': 0.2670299727520436, 'Malic.acid': 0.3024523160762943}



================================================================
        RandomForest with  NT[50] F[1]
| Metric            |   Score |
|-------------------+---------|
| balanced accuracy |   88.89 |
| accuracy          |   88.14 |
| f1                |   88.16 |
| precision         |   88.44 |
| recall            |   88.14 |
================================================================
{'Alcohol': 1.0}



================================================================
        RandomForest with  NT[50] F[3]
| Metric            |   Score |
|-------------------+---------|
| balanced accuracy |     100 |
| accuracy          |     100 |
| f1                |     100 |
| precision         |     100 |
| recall            |     100 |
================================================================
{'Alcohol': 0.4258373205741627, 'Ash': 0.24880382775119617, 'Malic.acid': 0.3253588516746411}



================================================================
        RandomForest with  NT[50] F[4]
| Metric            |   Score |
|-------------------+---------|
| balanced accuracy |     100 |
| accuracy          |     100 |
| f1                |     100 |
| precision         |     100 |
| recall            |     100 |
================================================================
{'Alcohol': 0.3406432748538012, 'Malic.acid': 0.25, 'Ash': 0.21198830409356725, 'Acl': 0.19736842105263158}



================================================================
        RandomForest with  NT[50] F[3]
| Metric            |   Score |
|-------------------+---------|
| balanced accuracy |     100 |
| accuracy          |     100 |
| f1                |     100 |
| precision         |     100 |
| recall            |     100 |
================================================================
{'Alcohol': 0.4146039603960396, 'Ash': 0.26485148514851486, 'Malic.acid': 0.32054455445544555}